<?xml version="1.0" encoding="UTF-8"?>
<!-- Generated by org.testng.reporters.JUnitXMLReporter -->
<testsuite hostname="FULL308-WIN" name="Test" tests="5" failures="1" timestamp="20 Aug 2019 12:42:05 GMT" time="240.554" errors="0">
  <testcase name="bookingTest" time="13.452" classname="com.setmore.testcases.BookingPageTestCase"/>
  <testcase name="businesshoursTimezone" time="28.106" classname="com.setmore.testcases.BusinesshoursTestCase"/>
  <testcase name="calendar_create_appointments" time="51.266" classname="com.setmore.testcases.CalendarAppointmentTestCase"/>
  <testcase name="create_customer_delete" time="55.275" classname="com.setmore.testcases.CreateCustomerTestCase">
    <failure type="org.openqa.selenium.ElementNotInteractableException" message="element not interactable
  (Session info: chrome=76.0.3809.100)
Build info: version: &amp;apos;3.9.1&amp;apos;, revision: &amp;apos;63f7b50&amp;apos;, time: &amp;apos;2018-02-07T22:42:28.403Z&amp;apos;
System info: host: &amp;apos;FULL308-WIN&amp;apos;, ip: &amp;apos;192.168.137.1&amp;apos;, os.name: &amp;apos;Windows 10&amp;apos;, os.arch: &amp;apos;amd64&amp;apos;, os.version: &amp;apos;10.0&amp;apos;, java.version: &amp;apos;1.8.0_161&amp;apos;
Driver info: org.openqa.selenium.chrome.ChromeDriver
Capabilities {acceptInsecureCerts: false, browserName: chrome, browserVersion: 76.0.3809.100, chrome: {chromedriverVersion: 76.0.3809.68 (420c9498db8ce..., userDataDir: C:\Users\USERFU~1.003\AppDa...}, goog:chromeOptions: {debuggerAddress: localhost:50315}, javascriptEnabled: true, networkConnectionEnabled: false, pageLoadStrategy: normal, platform: XP, platformName: XP, proxy: Proxy(), setWindowRect: true, strictFileInteractability: false, timeouts: {implicit: 0, pageLoad: 300000, script: 30000}, unhandledPromptBehavior: dismiss and notify}
Session ID: d21b94e47f610e63a17512fa3965377c">
      <![CDATA[org.openqa.selenium.ElementNotInteractableException: element not interactable
  (Session info: chrome=76.0.3809.100)
Build info: version: '3.9.1', revision: '63f7b50', time: '2018-02-07T22:42:28.403Z'
System info: host: 'FULL308-WIN', ip: '192.168.137.1', os.name: 'Windows 10', os.arch: 'amd64', os.version: '10.0', java.version: '1.8.0_161'
Driver info: org.openqa.selenium.chrome.ChromeDriver
Capabilities {acceptInsecureCerts: false, browserName: chrome, browserVersion: 76.0.3809.100, chrome: {chromedriverVersion: 76.0.3809.68 (420c9498db8ce..., userDataDir: C:\Users\USERFU~1.003\AppDa...}, goog:chromeOptions: {debuggerAddress: localhost:50315}, javascriptEnabled: true, networkConnectionEnabled: false, pageLoadStrategy: normal, platform: XP, platformName: XP, proxy: Proxy(), setWindowRect: true, strictFileInteractability: false, timeouts: {implicit: 0, pageLoad: 300000, script: 30000}, unhandledPromptBehavior: dismiss and notify}
Session ID: d21b94e47f610e63a17512fa3965377c
	at org.openqa.selenium.remote.http.W3CHttpResponseCodec.createException(W3CHttpResponseCodec.java:187)
	at org.openqa.selenium.remote.http.W3CHttpResponseCodec.decode(W3CHttpResponseCodec.java:122)
	at org.openqa.selenium.remote.http.W3CHttpResponseCodec.decode(W3CHttpResponseCodec.java:49)
	at org.openqa.selenium.remote.HttpCommandExecutor.execute(HttpCommandExecutor.java:160)
	at org.openqa.selenium.remote.service.DriverCommandExecutor.execute(DriverCommandExecutor.java:83)
	at org.openqa.selenium.remote.RemoteWebDriver.execute(RemoteWebDriver.java:601)
	at org.openqa.selenium.remote.RemoteWebElement.execute(RemoteWebElement.java:279)
	at org.openqa.selenium.remote.RemoteWebElement.click(RemoteWebElement.java:83)
	at com.setmore.implementations.CreateCustomerImplements.addNewCustomer(CreateCustomerImplements.java:72)
	at com.setmore.testcases.CreateCustomerTestCase.create_customer_delete(CreateCustomerTestCase.java:35)
... Removed 28 stack frames]]>
    </failure>
  </testcase> <!-- create_customer_delete -->
  <testcase name="deletemulCustomers" time="25.011" classname="com.setmore.testcases.DeleteMultipleCustomersTestCase"/>
</testsuite> <!-- Test -->
